
################################################################################
#
# This file has been generated by SpyGlass:
#     Report Name      : moresimple
#     Report Created by: u106061101
#     Report Created on:  Tue Nov  3 00:09:05 2020
#     Working Directory: /home/u106/u106061101/ICLAB/HW2_1028/sim/part3
#     SpyGlass Version : SpyGlass_vO-2018.09-SP2
#     Policy Name      : SpyGlass(SpyGlass_vO-2018.09-SP2)
#                        clock-reset(SpyGlass_vO-2018.09-SP2)
#                        erc(SpyGlass_vO-2018.09-SP2)
#                        latch(SpyGlass_vO-2018.09-SP2)
#                        lint(SpyGlass_vO-2018.09-SP2)
#                        morelint(SpyGlass_vO-2018.09-SP2)
#                        openmore(SpyGlass_vO-2018.09-SP2)
#                        power_est(SpyGlass_vO-2018.09-SP2)
#                        simulation(SpyGlass_vO-2018.09-SP2)
#                        starc(SpyGlass_vO-2018.09-SP2)
#                        starc2005(SpyGlass_vO-2018.09-SP2)
#                        timing(SpyGlass_vO-2018.09-SP2)
#                        txv(SpyGlass_vO-2018.09-SP2)
#
#     Total Number of Generated Messages :          3
#     Number of Waived Messages          :          0
#     Number of Reported Messages        :          3
#     Number of Overlimit Messages       :          0
#
#
################################################################################

+++++++++++++++++++++++++++++++++++++++++++++++++++++++++++++++++++++++
MORESIMPLE REPORT:


############### BuiltIn -> RuleGroup=Design Read ###############
+++++++++++++++++++++++++++++++++++++++++++++++++++++++++++++++++++++++++++++++++++++++
ID       Rule                    Alias                   Severity    File                                                                     Line    Wt    Message
======================================================================================
[1]      DetectTopDesignUnits    DetectTopDesignUnits    Info        ../../hdl/cordic_engine.v                                                1       2     Module cordic_engine is a top level design unit
[0]      ElabSummary             ElabSummary             Info        ./spyglass-1/lint/lint_rtl/spyglass_reports/SpyGlass/elab_summary.rpt    0       2     Please refer file './spyglass-1/lint/lint_rtl/spyglass_reports/SpyGlass/elab_summary.rpt' for elab summary report
+++++++++++++++++++++++++++++++++++++++++++++++++++++++++++++++++++++++++++++++++++++++


############### Non-BuiltIn -> Goal=lint/lint_rtl ###############
+++++++++++++++++++++++++++++++++++++++++++++++++++++++++++++++++++++++++++++++++++++++
ID       Rule    Alias    Severity    File                                                                      Line    Wt    Message
======================================================================================
[2]      W528             Info        ./spyglass-1/lint/lint_rtl/spyglass_reports/lint/SignalUsageReport.rpt    0       10    Please refer to 'SignalUsageReport.rpt' for details of violating bits
+++++++++++++++++++++++++++++++++++++++++++++++++++++++++++++++++++++++++++++++++++++++
